Arguments: 
  /home/liutsing/n/bin/node /mnt/c/Program Files (x86)/Yarn/bin/yarn.js add react react-dom

PATH: 
  /usr/local/sbin:/usr/local/bin:/usr/sbin:/usr/bin:/sbin:/bin:/usr/games:/usr/local/games:/mnt/c/Python38/Scripts/:/mnt/c/Python38/:/mnt/c/Windows/system32:/mnt/c/Windows:/mnt/c/Windows/System32/Wbem:/mnt/c/Windows/System32/WindowsPowerShell/v1.0/:/mnt/c/Windows/System32/OpenSSH/:/mnt/c/Program Files/TortoiseSVN/bin:/mnt/c/Program Files (x86)/Microsoft SQL Server/90/Tools/binn/:/mnt/c/Program Files/Docker/Docker/resources/bin:/mnt/c/ProgramData/DockerDesktop/version-bin:/mnt/c/Program Files/Java/jdk1.8.0_192/bin:/mnt/d/Autest/android-sdk/platform-tools:/mnt/d/Autest/android-sdk/tools:/mnt/c/Program Files (x86)/Google/Chrome/Application:/mnt/c/Program Files/Git/cmd:/mnt/c/Program Files/nodejs/:/mnt/c/ProgramData/chocolatey/bin:/mnt/c/Program Files (x86)/Yarn/bin/:/mnt/c/Users/a20168.AUTELSZ/AppData/Local/Microsoft/WindowsApps:/mnt/c/program files/esafenet/cobra docguard client:/mnt/c/Users/a20168.AUTELSZ/AppData/Local/Programs/Microsoft VS Code/bin:/mnt/c/Users/a20168.AUTELSZ/AppData/Roaming/npm:/mnt/c/Users/a20168.AUTELSZ/AppData/Local/Yarn/bin:/home/liutsing/n/bin

Yarn version: 
  1.22.4

Node version: 
  12.18.0

Platform: 
  linux x64

Trace: 
  Error: EPERM: operation not permitted, copyfile '/home/liutsing/.cache/yarn/v6/npm-loose-envify-1.4.0-71ee51fa7be4caec1a63839f7e682d8132d30caf-integrity/node_modules/loose-envify/custom.js' -> '/mnt/c/work/demo/redux-demo/node_modules/loose-envify/custom.js'

npm manifest: 
  {
    "name": "redux-demo",
    "version": "1.0.0",
    "main": "index.js",
    "author": "liutsing",
    "license": "MIT"
  }

yarn manifest: 
  No manifest

Lockfile: 
  # THIS IS AN AUTOGENERATED FILE. DO NOT EDIT THIS FILE DIRECTLY.
  # yarn lockfile v1
